[debug] [2017-07-13T07:31:53.871Z] ----------------------------------------------------------------------
[debug] [2017-07-13T07:31:53.873Z] Command:      /usr/local/bin/node /usr/local/bin/firebase serve
[debug] [2017-07-13T07:31:53.873Z] CLI Version:  3.9.1
[debug] [2017-07-13T07:31:53.873Z] Platform:     darwin
[debug] [2017-07-13T07:31:53.873Z] Node Version: v8.0.0
[debug] [2017-07-13T07:31:53.874Z] Time:         Thu Jul 13 2017 13:01:53 GMT+0530 (IST)
[debug] [2017-07-13T07:31:53.874Z] ----------------------------------------------------------------------
[debug] 
[debug] [2017-07-13T07:31:53.962Z] > command requires scopes: ["email","openid","https://www.googleapis.com/auth/cloudplatformprojects.readonly","https://www.googleapis.com/auth/firebase","https://www.googleapis.com/auth/cloud-platform"]
[debug] [2017-07-13T07:31:53.962Z] > authorizing via signed-in user
[debug] [2017-07-13T07:31:53.963Z] > refreshing access token with scopes: ["email","https://www.googleapis.com/auth/cloud-platform","https://www.googleapis.com/auth/cloudplatformprojects.readonly","https://www.googleapis.com/auth/firebase","openid"]
[debug] [2017-07-13T07:31:53.964Z] >>> HTTP REQUEST POST https://www.googleapis.com/oauth2/v3/token { refresh_token: '1/eCz97AVO40QdIv49FGmbhpOHwCWvlX6pN8B_RPetMPs',
  client_id: '563584335869-fgrhgmd47bqnekij5i8b5pr03ho849e6.apps.googleusercontent.com',
  client_secret: 'j9iVZfS8kkCEFUPaAeJV0sAi',
  grant_type: 'refresh_token',
  scope: 'email https://www.googleapis.com/auth/cloud-platform https://www.googleapis.com/auth/cloudplatformprojects.readonly https://www.googleapis.com/auth/firebase openid' } 
 Thu Jul 13 2017 13:01:53 GMT+0530 (IST)
[debug] [2017-07-13T07:31:54.167Z] <<< HTTP RESPONSE 200
[debug] [2017-07-13T07:31:54.213Z] >>> HTTP REQUEST GET https://admin.firebase.com/v1/projects/ssss-164410  
 Thu Jul 13 2017 13:01:54 GMT+0530 (IST)
[debug] [2017-07-13T07:31:55.563Z] <<< HTTP RESPONSE 200
[debug] [2017-07-13T07:31:55.565Z] >>> HTTP REQUEST GET https://admin.firebase.com/v1/database/ssss-164410/tokens  
 Thu Jul 13 2017 13:01:55 GMT+0530 (IST)
[debug] [2017-07-13T07:31:56.852Z] <<< HTTP RESPONSE 200
[info] 
[info] === Serving from '/Users/etpl-012/Documents/proappbuilders/restApiNode'...
[info] 
[debug] [2017-07-13T07:31:56.854Z] >>> HTTP REQUEST GET https://cloudresourcemanager.googleapis.com/v1/projects/ssss-164410  
 Thu Jul 13 2017 13:01:56 GMT+0530 (IST)
[debug] [2017-07-13T07:31:58.693Z] <<< HTTP RESPONSE 200
[debug] [2017-07-13T07:31:58.694Z] >>> HTTP REQUEST GET https://mobilesdk-pa.googleapis.com/v1/projects/144923457663/clients/_:getWebAppConfig  
 Thu Jul 13 2017 13:01:58 GMT+0530 (IST)
[debug] [2017-07-13T07:31:59.594Z] <<< HTTP RESPONSE 200
[debug] [2017-07-13T07:31:59.728Z] TypeError: Cannot read property 'public' of undefined
[error] 
[error] Error: An unexpected error has occurred.
